<?xml version="1.0" encoding="UTF-8"?>
<!-- Generated by org.testng.reporters.JUnitXMLReporter -->
<testsuite ignored="4" hostname="Hp" failures="0" tests="1" name="Default test" time="4.94" errors="0" timestamp="2025-05-07T13:34:42 IST">
  <testcase classname="evaluation.HTTPRequestsUsers" name="deletePost" time="4.84"/>
  <testcase classname="evaluation.HTTPRequestsUsers" name="put" time="0.0">
    <ignored/>
  </testcase> <!-- put -->
  <testcase classname="evaluation.HTTPRequestsUsers" name="getAllPosts" time="0.0">
    <ignored/>
  </testcase> <!-- getAllPosts -->
  <testcase classname="evaluation.HTTPRequestsUsers" name="createPost" time="0.0">
    <ignored/>
  </testcase> <!-- createPost -->
  <testcase classname="evaluation.HTTPRequestsUsers" name="getid" time="0.0">
    <ignored/>
  </testcase> <!-- getid -->
</testsuite> <!-- Default test -->
