<?xml version="1.0" encoding="UTF-8"?>
<testng-results ignored="4" total="5" passed="1" failed="0" skipped="0">
  <reporter-output>
  </reporter-output>
  <suite started-at="2025-05-07T13:34:37 IST" name="Default suite" finished-at="2025-05-07T13:34:42 IST" duration-ms="4940">
    <groups>
    </groups>
    <test started-at="2025-05-07T13:34:37 IST" name="Default test" finished-at="2025-05-07T13:34:42 IST" duration-ms="4940">
      <class name="evaluation.HTTPRequestsUsers">
        <test-method signature="deletePost()[pri:3, instance:evaluation.HTTPRequestsUsers@6f03482]" started-at="2025-05-07T13:34:37 IST" name="deletePost" finished-at="2025-05-07T13:34:42 IST" duration-ms="4840" status="PASS">
          <reporter-output>
          </reporter-output>
        </test-method> <!-- deletePost -->
      </class> <!-- evaluation.HTTPRequestsUsers -->
    </test> <!-- Default test -->
  </suite> <!-- Default suite -->
</testng-results>
